<?xml version="1.0" encoding="UTF-8"?>
<testng-results ignored="0" total="1" passed="1" failed="0" skipped="0">
  <reporter-output>
  </reporter-output>
  <suite started-at="2021-05-31T14:20:57Z" name="Suite" finished-at="2021-05-31T14:21:03Z" duration-ms="6837">
    <groups>
    </groups>
    <test started-at="2021-05-31T14:20:57Z" name="Test" finished-at="2021-05-31T14:21:03Z" duration-ms="6837">
      <class name="demo123.firstSeleniumRun">
        <test-method signature="pleaseRun()[pri:0, instance:demo123.firstSeleniumRun@7cb502c]" started-at="2021-05-31T14:20:57Z" name="pleaseRun" finished-at="2021-05-31T14:21:03Z" duration-ms="6813" status="PASS">
          <reporter-output>
          </reporter-output>
        </test-method> <!-- pleaseRun -->
      </class> <!-- demo123.firstSeleniumRun -->
    </test> <!-- Test -->
  </suite> <!-- Suite -->
</testng-results>
